<?xml version="1.0" encoding="UTF-8"?>
<testsuites name="Mocha Tests" time="3.1239999999999997" tests="2" failures="0">
  <testsuite name="Root Suite" timestamp="2017-09-11T22:29:25" tests="0" failures="0" time="0">
  </testsuite>
  <testsuite name="scenario simple" timestamp="2017-09-11T22:29:30" tests="2" file="/Users/progressuser/git/ns-dev-days/template-hello-world-ts/e2e/sample-test.e2e.js" failures="0" time="3.1239999999999997">
    <testcase name="scenario simple should find an element by text" time="1.297" classname="should find an element by text">
    </testcase>
    <testcase name="scenario simple should find an element by type" time="1.827" classname="should find an element by type">
    </testcase>
  </testsuite>
</testsuites>