<?xml version="1.0" encoding="UTF-8"?>
<testsuites name="Mocha Tests" time="90.03399999999999" tests="2" failures="0">
  <testsuite name="Root Suite" timestamp="2017-09-11T23:46:17" tests="0" failures="0" time="0">
  </testsuite>
  <testsuite name="scenario simple" timestamp="2017-09-11T23:46:23" tests="2" file="/Users/progressuser/git/ns-dev-days/template-hello-world-ng/e2e/sample-test.e2e.js" failures="0" time="90.03399999999999">
    <testcase name="scenario simple should find an element by text" time="47.936" classname="should find an element by text">
    </testcase>
    <testcase name="scenario simple should find an element by type" time="42.098" classname="should find an element by type">
    </testcase>
  </testsuite>
</testsuites>