<?xml version="1.0" encoding="UTF-8"?>
<testsuites name="Mocha Tests" time="201.15699999999998" tests="2" failures="2">
  <testsuite name="Root Suite" timestamp="2017-09-12T00:10:08" tests="0" failures="0" time="0">
  </testsuite>
  <testsuite name="scenario simple" timestamp="2017-09-12T00:10:15" tests="2" file="/Users/progressuser/git/ns-dev-days/template-hello-world-ng/e2e/sample-test.e2e.js" failures="2" time="201.15699999999998">
    <testcase name="scenario simple should find an element by text" time="71.157" classname="should find an element by text">
      <failure><![CDATA[AssertionError: Look at massipPlayerDetails.png: expected false to be true
    at Object.<anonymous> (e2e/sample-test.e2e.js:74:35)
    at step (node_modules/tslib/tslib.js:122:27)
    at Object.next (node_modules/tslib/tslib.js:103:57)
    at fulfilled (node_modules/tslib/tslib.js:93:62)
    at process._tickDomainCallback (internal/process/next_tick.js:135:7)]]></failure>
    </testcase>
    <testcase name="scenario simple should find an element by type" time="49.943" classname="should find an element by type">
    </testcase>
    <testcase name=" &quot;after all&quot; hook: stop server" time="80.057" classname="&quot;after all&quot; hook: stop server">
      <failure><![CDATA[Error: Timeout of 80000ms exceeded. For async tests and hooks, ensure "done()" is called; if returning a Promise, ensure it resolves.]]></failure>
    </testcase>
  </testsuite>
</testsuites>